<?xml version="1.0" encoding="UTF-8"?>
<!--

    Copyright 2010 Västra Götalandsregionen

      This library is free software; you can redistribute it and/or modify
      it under the terms of version 2.1 of the GNU Lesser General Public
      License as published by the Free Software Foundation.

      This library is distributed in the hope that it will be useful,
      but WITHOUT ANY WARRANTY; without even the implied warranty of
      MERCHANTABILITY or FITNESS FOR A PARTICULAR PURPOSE.  See the
      GNU Lesser General Public License for more details.

      You should have received a copy of the GNU Lesser General Public
      License along with this library; if not, write to the
      Free Software Foundation, Inc., 59 Temple Place, Suite 330,
      Boston, MA 02111-1307  USA

-->

<beans xmlns="http://www.springframework.org/schema/beans" xmlns:xsi="http://www.w3.org/2001/XMLSchema-instance"
       xmlns:aop="http://www.springframework.org/schema/aop"
       xmlns:context="http://www.springframework.org/schema/context"
       xmlns:tx="http://www.springframework.org/schema/tx"
       xsi:schemaLocation="http://www.springframework.org/schema/beans http://www.springframework.org/schema/beans/spring-beans-2.5.xsd
            http://www.springframework.org/schema/context http://www.springframework.org/schema/context/spring-context-2.5.xsd
            http://www.springframework.org/schema/aop http://www.springframework.org/schema/aop/spring-aop-2.5.xsd
            http://www.springframework.org/schema/tx http://www.springframework.org/schema/tx/spring-tx-2.5.xsd">
  
  <bean id="platformDataService" class="se.vgregion.userfeedback.impl.PlatformDataServiceImpl" />

  <bean id="velocityEngine" class="org.springframework.ui.velocity.VelocityEngineFactoryBean">
    <property name="resourceLoaderPath" value="classpath:/" />
    <property name="preferFileSystemAccess" value="false" />
  </bean>
  
  <bean id="pivotalService" class="org.mockito.Mockito" factory-method="mock">
    <constructor-arg value="se.vgregion.incidentreport.pivotaltracker.PivotalTrackerService"/>
  </bean>

  
  <bean id="usdService" class="org.mockito.Mockito" factory-method="mock">
    <constructor-arg value="se.vgregion.usdservice.USDServiceImpl" />
  </bean>

  <bean id="emailService"  class="org.mockito.Mockito" factory-method="mock">
    <constructor-arg value="se.vgregion.util.EMailClient" />
  </bean>
  
  <bean id="FeedbackReportService"  class="org.mockito.Mockito" factory-method="mock">
    <constructor-arg value="se.vgregion.userfeedback.FeedbackReportService" />
  </bean>

</beans>
